<?xml version="1.0" encoding="UTF-8"?>
<!-- Generated by org.testng.reporters.JUnitReportReporter -->
<testsuite hostname="DESKTOP-BN906IK" failures="0" tests="1" name="tests.Tests8" time="8.648" errors="0" timestamp="27 jul. 2022 19:01:10 GMT" skipped="0">
  <testcase classname="tests.Tests8" name="CP008_Venta" time="8.648"/>
</testsuite> <!-- tests.Tests8 -->
