<?xml version="1.0" encoding="UTF-8"?>
<!-- Generated by org.testng.reporters.JUnitReportReporter -->
<testsuite hostname="DESKTOP-BN906IK" failures="0" tests="1" name="tests.Tests4" time="0.391" errors="0" timestamp="27 jul. 2022 19:01:10 GMT" skipped="0">
  <testcase classname="tests.Tests4" name="CP004_Creacion_Cuenta" time="0.391"/>
</testsuite> <!-- tests.Tests4 -->
