<?xml version="1.0" encoding="UTF-8"?>
<!-- Generated by org.testng.reporters.JUnitReportReporter -->
<testsuite hostname="DESKTOP-BN906IK" failures="0" tests="1" name="tests.Tests6" time="9.058" errors="0" timestamp="27 jul. 2022 19:01:10 GMT" skipped="0">
  <testcase classname="tests.Tests6" name="CP006_Vaciar_Carrito" time="9.058"/>
</testsuite> <!-- tests.Tests6 -->
