<?xml version="1.0" encoding="UTF-8"?>
<!-- Generated by org.testng.reporters.JUnitReportReporter -->
<testsuite hostname="DESKTOP-BN906IK" failures="0" tests="1" name="tests.Tests2" time="8.903" errors="0" timestamp="27 jul. 2022 19:01:10 GMT" skipped="0">
  <testcase classname="tests.Tests2" name="CP003_Agregar_Direccion" time="8.903"/>
</testsuite> <!-- tests.Tests2 -->
